[backblue.gif]
[fade.gif]
[index.html]
[framework-gb.cdn.gob.mx/assets/styles/main.css]
[cdn.jsdelivr.net/npm/bootstrap-icons@1.11.1/font/bootstrap-icons.css]
[comunidadescolar.aefcm.gob.mx/ConsultaCalificaciones/dwr/enginec3b3.js]
[comunidadescolar.aefcm.gob.mx/ConsultaCalificaciones/dwr/utilc3b3.js]
[comunidadescolar.aefcm.gob.mx/ConsultaCalificaciones/dwr/interface/adminCalificacionesc3b3.js]
[comunidadescolar.aefcm.gob.mx/ConsultaCalificaciones/dwr/interface/adminCurpc3b3.js]
[comunidadescolar.aefcm.gob.mx/ConsultaCalificaciones/js/index_newc3b3.js]
[comunidadescolar.aefcm.gob.mx/ConsultaCalificaciones/js/funcionesc3b3.js]
[ajax.googleapis.com/ajax/libs/jquery/1.11.1/jquery.min.js]
[framework-gb.cdn.gob.mx/gobmx.js]
[framework-gb.cdn.gob.mx/assets/scripts/jquery-ui-datepicker.js]
[comunidadescolar.aefcm.gob.mx/ConsultaCalificaciones/index.html]
[framework-gb.cdn.gob.mx/assets/styles/fonts/icogobmxf547.eot]
[framework-gb.cdn.gob.mx/assets/styles/fonts/icogobmxd41d.eot]
[framework-gb.cdn.gob.mx/assets/styles/fonts/icogobmxf547.woff]
[framework-gb.cdn.gob.mx/assets/styles/fonts/icogobmxf547.ttf]
[framework-gb.cdn.gob.mx/assets/styles/fonts/icogobmxf547.svg]
[framework-gb.cdn.gob.mx/assets/images/icons_full.png]
[framework-gb.cdn.gob.mx/assets/styles/main.css]
[comunidadescolar.aefcm.gob.mx/ConsultaCalificaciones/css/styles.css]
[cdn.jsdelivr.net/npm/bootstrap-icons@1.11.1/font/fonts/bootstrap-iconsafdf.woff2]
[cdn.jsdelivr.net/npm/bootstrap-icons@1.11.1/font/fonts/bootstrap-iconsafdf.woff]
[cdn.jsdelivr.net/npm/bootstrap-icons@1.11.1/font/bootstrap-icons.css]
[comunidadescolar.aefcm.gob.mx/ConsultaCalificaciones/images/error.svg]
[comunidadescolar.aefcm.gob.mx/ConsultaCalificaciones/index-2.html]
[framework-gb.cdn.gob.mx/gobmx.js]
[framework-gb.cdn.gob.mx/assets/scripts/jquery-ui-datepicker.js]
[framework-gb.cdn.gob.mx/assets/styles/fonts/icogobmxf547.svg]
[framework-gb.cdn.gob.mx/assets/images/home_picture.html]
